
Building target platforms: noarch
Building for target noarch
setting SOURCE_DATE_EPOCH=1748131200
Executing(%mkbuilddir): /bin/sh -e /var/tmp/rpm-tmp.nxMGwt
Executing(%prep): /bin/sh -e /var/tmp/rpm-tmp.9N62we
+ umask 022
+ cd /home/sly/Documents/git/portforwarding-app/fedora-version/portforwarding-app-1.1-build
+ cd /home/sly/Documents/git/portforwarding-app/fedora-version/portforwarding-app-1.1-build
+ rm -rf portforwarding-app-1.1
+ /usr/lib/rpm/rpmuncompress -x /home/sly/Documents/git/portforwarding-app/fedora-version/portforwarding-app-1.1.tar.gz
+ STATUS=0
+ '[' 0 -ne 0 ']'
+ cd portforwarding-app-1.1
+ /usr/bin/chmod -Rf a+rX,u+w,g-w,o-w .
+ RPM_EC=0
++ jobs -p
+ exit 0
Executing(%install): /bin/sh -e /var/tmp/rpm-tmp.iwaFAH
+ umask 022
+ cd /home/sly/Documents/git/portforwarding-app/fedora-version/portforwarding-app-1.1-build
+ '[' /home/sly/Documents/git/portforwarding-app/fedora-version/portforwarding-app-1.1-build/BUILDROOT '!=' / ']'
+ rm -rf /home/sly/Documents/git/portforwarding-app/fedora-version/portforwarding-app-1.1-build/BUILDROOT
++ dirname /home/sly/Documents/git/portforwarding-app/fedora-version/portforwarding-app-1.1-build/BUILDROOT
+ mkdir -p /home/sly/Documents/git/portforwarding-app/fedora-version/portforwarding-app-1.1-build
+ mkdir /home/sly/Documents/git/portforwarding-app/fedora-version/portforwarding-app-1.1-build/BUILDROOT
+ CFLAGS='-O2 -flto=auto -ffat-lto-objects -fexceptions -g -grecord-gcc-switches -pipe -Wall -Werror=format-security -Wp,-U_FORTIFY_SOURCE,-D_FORTIFY_SOURCE=3 -Wp,-D_GLIBCXX_ASSERTIONS -specs=/usr/lib/rpm/redhat/redhat-hardened-cc1 -fstack-protector-strong -specs=/usr/lib/rpm/redhat/redhat-annobin-cc1  -m64 -march=x86-64 -mtune=generic -fasynchronous-unwind-tables -fstack-clash-protection -fcf-protection -mtls-dialect=gnu2 -fno-omit-frame-pointer -mno-omit-leaf-frame-pointer '
+ export CFLAGS
+ CXXFLAGS='-O2 -flto=auto -ffat-lto-objects -fexceptions -g -grecord-gcc-switches -pipe -Wall -Werror=format-security -Wp,-U_FORTIFY_SOURCE,-D_FORTIFY_SOURCE=3 -Wp,-D_GLIBCXX_ASSERTIONS -specs=/usr/lib/rpm/redhat/redhat-hardened-cc1 -fstack-protector-strong -specs=/usr/lib/rpm/redhat/redhat-annobin-cc1  -m64 -march=x86-64 -mtune=generic -fasynchronous-unwind-tables -fstack-clash-protection -fcf-protection -mtls-dialect=gnu2 -fno-omit-frame-pointer -mno-omit-leaf-frame-pointer '
+ export CXXFLAGS
+ FFLAGS='-O2 -flto=auto -ffat-lto-objects -fexceptions -g -grecord-gcc-switches -pipe -Wall -Wp,-U_FORTIFY_SOURCE,-D_FORTIFY_SOURCE=3 -Wp,-D_GLIBCXX_ASSERTIONS -specs=/usr/lib/rpm/redhat/redhat-hardened-cc1 -fstack-protector-strong -specs=/usr/lib/rpm/redhat/redhat-annobin-cc1  -m64 -march=x86-64 -mtune=generic -fasynchronous-unwind-tables -fstack-clash-protection -fcf-protection -mtls-dialect=gnu2 -fno-omit-frame-pointer -mno-omit-leaf-frame-pointer -I/usr/lib/gfortran/modules '
+ export FFLAGS
+ FCFLAGS='-O2 -flto=auto -ffat-lto-objects -fexceptions -g -grecord-gcc-switches -pipe -Wall -Wp,-U_FORTIFY_SOURCE,-D_FORTIFY_SOURCE=3 -Wp,-D_GLIBCXX_ASSERTIONS -specs=/usr/lib/rpm/redhat/redhat-hardened-cc1 -fstack-protector-strong -specs=/usr/lib/rpm/redhat/redhat-annobin-cc1  -m64 -march=x86-64 -mtune=generic -fasynchronous-unwind-tables -fstack-clash-protection -fcf-protection -mtls-dialect=gnu2 -fno-omit-frame-pointer -mno-omit-leaf-frame-pointer -I/usr/lib/gfortran/modules '
+ export FCFLAGS
+ VALAFLAGS=-g
+ export VALAFLAGS
+ RUSTFLAGS='-Copt-level=3 -Cdebuginfo=2 -Ccodegen-units=1 -Cstrip=none -Cforce-frame-pointers=yes --cap-lints=warn'
+ export RUSTFLAGS
+ LDFLAGS='-Wl,-z,relro -Wl,--as-needed   -Wl,-z,now -specs=/usr/lib/rpm/redhat/redhat-hardened-ld -specs=/usr/lib/rpm/redhat/redhat-annobin-cc1  -Wl,--build-id=sha1  '
+ export LDFLAGS
+ LT_SYS_LIBRARY_PATH=/usr/lib:
+ export LT_SYS_LIBRARY_PATH
+ CC=gcc
+ export CC
+ CXX=g++
+ export CXX
+ cd portforwarding-app-1.1
+ install -D -m 0644 portforwarding_app.desktop /home/sly/Documents/git/portforwarding-app/fedora-version/portforwarding-app-1.1-build/BUILDROOT/usr/share/applications/portforwarding_app.desktop
+ install -D -m 0755 portforwarding_app /home/sly/Documents/git/portforwarding-app/fedora-version/portforwarding-app-1.1-build/BUILDROOT/usr/bin/portforwarding_app
+ install -D -m 0644 portforwarding-app-256x256.png /home/sly/Documents/git/portforwarding-app/fedora-version/portforwarding-app-1.1-build/BUILDROOT/usr/share/icons/hicolor/256x256/apps/portforwarding-app.png
+ install -D -m 0644 portforwarding-app-48x48.png /home/sly/Documents/git/portforwarding-app/fedora-version/portforwarding-app-1.1-build/BUILDROOT/usr/share/icons/hicolor/48x48/apps/portforwarding-app.png
+ install -D -m 0644 gschemas.compiled /home/sly/Documents/git/portforwarding-app/fedora-version/portforwarding-app-1.1-build/BUILDROOT/usr/share/portforwarding_app/data/gschemas.compiled
+ install -D -m 0644 org.portforwarding_app.local.gschema.xml /home/sly/Documents/git/portforwarding-app/fedora-version/portforwarding-app-1.1-build/BUILDROOT/usr/share/portforwarding_app/data/org.portforwarding_app.local.gschema.xml
+ /usr/lib/rpm/check-buildroot
+ /usr/lib/rpm/redhat/brp-ldconfig
+ /usr/lib/rpm/brp-compress
+ /usr/lib/rpm/brp-strip /usr/bin/strip
+ /usr/lib/rpm/brp-strip-comment-note /usr/bin/strip /usr/bin/objdump
+ /usr/lib/rpm/redhat/brp-strip-lto /usr/bin/strip
+ /usr/lib/rpm/brp-strip-static-archive /usr/bin/strip
+ /usr/lib/rpm/check-rpaths
+ /usr/lib/rpm/redhat/brp-mangle-shebangs
mangling shebang in /usr/bin/portforwarding_app from /bin/python3 to #!/usr/bin/python3
+ /usr/lib/rpm/brp-remove-la-files
+ env /usr/lib/rpm/redhat/brp-python-bytecompile '' 1 0 -j4
+ /usr/lib/rpm/redhat/brp-python-hardlink
+ /usr/bin/add-determinism --brp -j4 /home/sly/Documents/git/portforwarding-app/fedora-version/portforwarding-app-1.1-build/BUILDROOT
Scanned 13 directories and 6 files,
               processed 0 inodes,
               0 modified (0 replaced + 0 rewritten),
               0 unsupported format, 0 errors
Processing files: portforwarding-app-1.1-1.fc42.noarch
Provides: application() application(portforwarding_app.desktop) portforwarding-app = 1.1-1.fc42
Requires(rpmlib): rpmlib(CompressedFileNames) <= 3.0.4-1 rpmlib(FileDigests) <= 4.6.0-1 rpmlib(PayloadFilesHavePrefix) <= 4.0-1
Requires: /usr/bin/python3
Checking for unpackaged file(s): /usr/lib/rpm/check-files /home/sly/Documents/git/portforwarding-app/fedora-version/portforwarding-app-1.1-build/BUILDROOT
Wrote: /home/sly/Documents/git/portforwarding-app/fedora-version/portforwarding-app-1.1-1.fc42.src.rpm
Wrote: /home/sly/Documents/git/portforwarding-app/fedora-version/noarch/portforwarding-app-1.1-1.fc42.noarch.rpm
Executing(rmbuild): /bin/sh -e /var/tmp/rpm-tmp.PbGiOg
+ umask 022
+ cd /home/sly/Documents/git/portforwarding-app/fedora-version/portforwarding-app-1.1-build
+ test -d /home/sly/Documents/git/portforwarding-app/fedora-version/portforwarding-app-1.1-build
+ /usr/bin/chmod -Rf a+rX,u+w,g-w,o-w /home/sly/Documents/git/portforwarding-app/fedora-version/portforwarding-app-1.1-build
+ rm -rf /home/sly/Documents/git/portforwarding-app/fedora-version/portforwarding-app-1.1-build
+ RPM_EC=0
++ jobs -p
+ exit 0
